Determining if the pthread_create exist failed with the following output:
Change Dir: /home/hygde/Documents/PTR/projet/Trains/CMakeFiles/CMakeTmp

Run Build Command:"/usr/bin/make" "cmTC_567db/fast"
/usr/bin/make -f CMakeFiles/cmTC_567db.dir/build.make CMakeFiles/cmTC_567db.dir/build
make[1] : on entre dans le répertoire « /home/hygde/Documents/PTR/projet/Trains/CMakeFiles/CMakeTmp »
Building C object CMakeFiles/cmTC_567db.dir/CheckSymbolExists.c.o
/usr/bin/cc    -o CMakeFiles/cmTC_567db.dir/CheckSymbolExists.c.o   -c /home/hygde/Documents/PTR/projet/Trains/CMakeFiles/CMakeTmp/CheckSymbolExists.c
Linking C executable cmTC_567db
/usr/bin/cmake -E cmake_link_script CMakeFiles/cmTC_567db.dir/link.txt --verbose=1
/usr/bin/cc      -rdynamic CMakeFiles/cmTC_567db.dir/CheckSymbolExists.c.o  -o cmTC_567db 
CMakeFiles/cmTC_567db.dir/CheckSymbolExists.c.o : Dans la fonction « main » :
CheckSymbolExists.c:(.text+0x15) : référence indéfinie vers « pthread_create »
collect2: error: ld returned 1 exit status
CMakeFiles/cmTC_567db.dir/build.make:97 : la recette pour la cible « cmTC_567db » a échouée
make[1]: *** [cmTC_567db] Erreur 1
make[1] : on quitte le répertoire « /home/hygde/Documents/PTR/projet/Trains/CMakeFiles/CMakeTmp »
Makefile:126 : la recette pour la cible « cmTC_567db/fast » a échouée
make: *** [cmTC_567db/fast] Erreur 2

File /home/hygde/Documents/PTR/projet/Trains/CMakeFiles/CMakeTmp/CheckSymbolExists.c:
/* */
#include <pthread.h>

int main(int argc, char** argv)
{
  (void)argv;
#ifndef pthread_create
  return ((int*)(&pthread_create))[argc];
#else
  (void)argc;
  return 0;
#endif
}

